
 -----------------------------------------------
      Restrained ESP Fit 2.3  Amber 4.1
 -----------------------------------------------
 single stage fitting                                                            
 -----------------------------------------------


 inopt       =     0   ioutopt     =     1
 nmol        =     1   iqopt       =     2
 ihfree      =     0   irstrnt     =     1
 iunits      =      0   qwt         =   0.01000000
 wtmol(1) =     1.000000
 subtitle:

Comments Go Here                                                                
ich =  -1  iuniq =  31
     1     6   -99
     2     1   -99
     3     1   -99
     4     1   -99
     5     6   -99
     6     8   -99
     7     7   -99
     8     1   -99
     9     6   -99
    10     1   -99
    11     6   -99
    12     1   -99
    13     1   -99
    14     6   -99
    15     6   -99
    16     1   -99
    17     6   -99
    18     1   -99
    19     6     0
    20     8     0
    21     6   -99
    22     1    -1
    23     1    -1
    24     1    -1
    25     6   -99
    26     1   -99
    27     6   -99
    28     1   -99
    29     6   -99
    30     8   -99
    31     8   -99
 new q0 values to be read  31

  ----------------------------------------------------------------------------
     ATOM                       COORDINATES                         CHARGE
                       X             Y                Z
  ----------------------------------------------------------------------------
  ----------------------------------------------------------------------------


 Charge on the molecule(ich) =   -1
 Total number of atoms (iuniq)     =   31
 Weight factor on initial charge restraints(qwt)=     0.10000E-01


  there are  1 charge constraints:


      1       1
      2       1
      3       1
      4       1
      5       1
      6       1
      7       1
      8       1
      9       1
     10       1
     11       1
     12       1
     13       1
     14       1
     15       1
     16       1
     17       1
     18       1
     19       1
     20       1
     21       1
     22       1
     23       1
     24       1
     25       1
     26       1
     27       1
     28       1
     29       1
     30       1
     31       1

 Reading esp"s for molecule   1
 total number of atoms      =     31
 total number of esp points =  18277


 center     X       Y       Z 
    1   0.8821060E+01  -0.3486380E+01  -0.4696180E+00
    2   0.9219620E+01  -0.4316330E+01  -0.2301080E+01
    3   0.1012480E+02  -0.1943680E+01  -0.1353590E+00
    4   0.9114450E+01  -0.4939760E+01   0.9440860E+00
    5   0.6061980E+01  -0.2685250E+01  -0.4095530E+00
    6   0.4419440E+01  -0.4267290E+01  -0.6292110E+00
    7   0.5659930E+01  -0.2242200E+00  -0.8973740E-01
    8   0.7078540E+01   0.1018940E+01  -0.1850590E+00
    9   0.3224710E+01   0.1033320E+01  -0.2518290E+00
   10   0.2315790E+01   0.4875290E+00  -0.2007720E+01
   11   0.1461960E+01   0.3153220E+00   0.1970090E+01
   12   0.2158960E+01  -0.1413300E+01   0.2811010E+01
   13   0.1566600E+01   0.1778550E+01   0.3399370E+01
   14  -0.1277100E+01  -0.1012840E+00   0.1239390E+01
   15  -0.2930650E+01   0.1896040E+01   0.8611820E+00
   16  -0.2211860E+01   0.3787170E+01   0.1005680E+01
   17  -0.5449350E+01   0.1494060E+01   0.2278500E+00
   18  -0.6658150E+01   0.3100470E+01  -0.4759460E-01
   19  -0.6349460E+01  -0.9469910E+00  -0.5444680E-01
   20  -0.8781800E+01  -0.1544010E+01  -0.6612470E+00
   21  -0.1049370E+02   0.3962680E+00  -0.1130000E+01
   22  -0.9895130E+01   0.1576730E+01  -0.2698360E+01
   23  -0.1226830E+02  -0.4981150E+00  -0.1610140E+01
   24  -0.1077290E+02   0.1582490E+01   0.5220120E+00
   25  -0.4715220E+01  -0.2970330E+01   0.2838440E+00
   26  -0.5428140E+01  -0.4857150E+01   0.3658510E-01
   27  -0.2218610E+01  -0.2539830E+01   0.9162530E+00
   28  -0.9592890E+00  -0.4120540E+01   0.1135550E+01
   29   0.3741730E+01   0.3942160E+01  -0.3772180E+00
   30   0.5973120E+01   0.4560190E+01  -0.6771760E+00
   31   0.1855630E+01   0.5281580E+01  -0.1669290E+00
 Initial ssvpot =   216.116


 Number of unique UNfrozen centers=     2

 Non-linear optimization requested.
 qchnge =    0.6415602770E-01
 qchnge =    0.3653917236E-04
 qchnge =    0.1156816633E-06

 Convergence in     2 iterations


Comments Go Here                                                                

          Point Charges Before & After Optimization

    no.  At.no.    q(init)       q(opt)     ivary    d(rstr)/dq
    1   6      -0.366200      -0.366200    -99       0.026343
    2   1       0.112300       0.112300    -99       0.066502
    3   1       0.112300       0.112300    -99       0.066502
    4   1       0.112300       0.112300    -99       0.066502
    5   6       0.597200       0.597200    -99       0.016515
    6   8      -0.567900      -0.567900    -99       0.017342
    7   7      -0.382100      -0.382100    -99       0.025318
    8   1       0.268100       0.268100    -99       0.034948
    9   6      -0.201500      -0.201500    -99       0.044454
   10   1       0.109200       0.109200    -99       0.067536
   11   6      -0.075200      -0.075200    -99       0.079923
   12   1       0.049000       0.049000    -99       0.089799
   13   1       0.049000       0.049000    -99       0.089799
   14   6       0.024300       0.024300    -99       0.097172
   15   6      -0.192200      -0.192200    -99       0.046156
   16   1       0.178000       0.178000    -99       0.048980
   17   6      -0.245800      -0.245800    -99       0.037684
   18   1       0.167300       0.167300    -99       0.051306
   19   6       0.000000       0.518627      0       0.018933
   20   8       0.000000      -0.535727      0       0.018349
   21   6       0.194000       0.194000    -99       0.045818
   22   1       0.000000       0.000000     -1       0.100000
   23   1       0.000000       0.000000     -1       0.100000
   24   1       0.000000       0.000000     -1       0.100000
   25   6      -0.245800      -0.245800    -99       0.037684
   26   1       0.167300       0.167300    -99       0.051306
   27   6      -0.192200      -0.192200    -99       0.046156
   28   1       0.178000       0.178000    -99       0.048980
   29   6       0.781700       0.781700    -99       0.012689
   30   8      -0.807000      -0.807000    -99       0.012298
   31   8      -0.807000      -0.807000    -99       0.012298

 Sum over the calculated charges:     -1.000

        Statistics of the fitting:
  The initial sum of squares (ssvpot)                    216.116
  The residual sum of squares (chipot)                     1.985
  The std err of estimate (sqrt(chipot/N))               0.01042
  ESP relative RMS (SQRT(chipot/ssvpot))                 0.09583

 Center of Mass (Angst.):

 X  =   0.00000      Y  =   0.00000      Z  =   0.00000

 Dipole (Debye):

 X  =  -6.75990      Y  =  -8.33725      Z  =   1.33338

 Dipole Moment (Debye)=  10.81590

 Quadrupole (Debye*Angst.):

 Qxx =   9.33387     QYY = -60.73397     QZZ =  51.40010
 Qxy = -44.18613     QXZ =  55.97576     QYZ =  47.94316
