
 -----------------------------------------------
      Restrained ESP Fit 2.3  Amber 4.1
 -----------------------------------------------
 single stage fitting                                                            
 -----------------------------------------------


 inopt       =     0   ioutopt     =     1
 nmol        =     1   iqopt       =     2
 ihfree      =     0   irstrnt     =     1
 iunits      =      0   qwt         =   0.01000000
 wtmol(1) =     1.000000
 subtitle:

Comments Go Here                                                                
ich =   2  iuniq =  34
     1     6   -99
     2     1   -99
     3     1   -99
     4     1   -99
     5     6   -99
     6     1   -99
     7     6   -99
     8     1   -99
     9     1   -99
    10     6   -99
    11     1   -99
    12     1   -99
    13     6     0
    14     1     0
    15     6   -99
    16     1   -99
    17     1   -99
    18     7   -99
    19     1   -99
    20     1   -99
    21     1   -99
    22     8     0
    23     6   -99
    24     1    -1
    25     1    -1
    26     1    -1
    27     6   -99
    28     8   -99
    29     7   -99
    30     1   -99
    31     6   -99
    32     1   -99
    33     1   -99
    34     1   -99
 new q0 values to be read  34

  ----------------------------------------------------------------------------
     ATOM                       COORDINATES                         CHARGE
                       X             Y                Z
  ----------------------------------------------------------------------------
  ----------------------------------------------------------------------------


 Charge on the molecule(ich) =    2
 Total number of atoms (iuniq)     =   34
 Weight factor on initial charge restraints(qwt)=     0.10000E-01


  there are  1 charge constraints:


      1       1
      2       1
      3       1
      4       1
      5       1
      6       1
      7       1
      8       1
      9       1
     10       1
     11       1
     12       1
     13       1
     14       1
     15       1
     16       1
     17       1
     18       1
     19       1
     20       1
     21       1
     22       1
     23       1
     24       1
     25       1
     26       1
     27       1
     28       1
     29       1
     30       1
     31       1
     32       1
     33       1
     34       1

 Reading esp"s for molecule   1
 total number of atoms      =     34
 total number of esp points =  18697


 center     X       Y       Z 
    1  -0.4601420E+01   0.4221860E+01   0.7558280E+00
    2  -0.6232560E+01   0.4658470E+01  -0.1441090E+00
    3  -0.5089330E+01   0.3610290E+01   0.2514170E+01
    4  -0.3579260E+01   0.5828850E+01   0.8975650E+00
    5  -0.3202150E+01   0.2096620E+01  -0.5302340E+00
    6  -0.3211430E+01   0.2489240E+01  -0.2535370E+01
    7  -0.4996250E+00   0.2017380E+01   0.5437650E+00
    8   0.3950280E+00   0.3819240E+01   0.1503750E+00
    9  -0.6332870E+00   0.1823720E+01   0.2581630E+01
   10   0.1106390E+01  -0.1563940E+00  -0.5248870E+00
   11   0.2011410E+00  -0.1930940E+01  -0.3706130E-01
   12   0.1195240E+01  -0.7145620E-01  -0.2572630E+01
   13   0.3854760E+01  -0.2030870E+00   0.4615860E+00
   14   0.3941480E+01   0.6250760E+00   0.2345330E+01
   15   0.4777880E+01  -0.2943150E+01   0.5837460E+00
   16   0.3873630E+01  -0.4017410E+01   0.2064100E+01
   17   0.4504410E+01  -0.3875230E+01  -0.1211950E+01
   18   0.7576600E+01  -0.2967550E+01   0.1066700E+01
   19   0.8019120E+01  -0.2385120E+01   0.2832430E+01
   20   0.8331290E+01  -0.4709170E+01   0.8382410E+00
   21   0.8419710E+01  -0.1765930E+01  -0.1649880E+00
   22   0.5600770E+01   0.9795580E+00  -0.1118210E+01
   23   0.5626230E+01   0.3649570E+01  -0.1255280E+01
   24   0.5604110E+01   0.4476700E+01   0.6204950E+00
   25   0.7350770E+01   0.4171620E+01  -0.2206390E+01
   26   0.4041090E+01   0.4341020E+01  -0.2347850E+01
   27  -0.4746370E+01  -0.2581030E+00   0.2093290E+00
   28  -0.5501210E+01  -0.3165010E+00   0.2355110E+01
   29  -0.5106630E+01  -0.2009300E+01  -0.1540470E+01
   30  -0.4485570E+01  -0.1712220E+01  -0.3291760E+01
   31  -0.6547950E+01  -0.4324700E+01  -0.1052070E+01
   32  -0.5314430E+01  -0.5828260E+01  -0.4238110E+00
   33  -0.7943500E+01  -0.3952860E+01   0.3849280E+00
   34  -0.7478960E+01  -0.4883940E+01  -0.2778640E+01
 Initial ssvpot =   839.824


 Number of unique UNfrozen centers=     3

 Non-linear optimization requested.
 qchnge =    0.4132301171E-01
 qchnge =    0.6867230269E-04
 qchnge =    0.8957147118E-06

 Convergence in     2 iterations


Comments Go Here                                                                

          Point Charges Before & After Optimization

    no.  At.no.    q(init)       q(opt)     ivary    d(rstr)/dq
    1   6       0.096600       0.096600    -99       0.071923
    2   1       0.216500       0.216500    -99       0.041932
    3   1       0.216500       0.216500    -99       0.041932
    4   1       0.216500       0.216500    -99       0.041932
    5   6      -0.001500      -0.001500    -99       0.099989
    6   1       0.118000       0.118000    -99       0.064652
    7   6       0.021200       0.021200    -99       0.097826
    8   1       0.028300       0.028300    -99       0.096221
    9   1       0.028300       0.028300    -99       0.096221
   10   6      -0.004800      -0.004800    -99       0.099885
   11   1       0.012100       0.012100    -99       0.099276
   12   1       0.012100       0.012100    -99       0.099276
   13   6       0.000000       0.069550      0       0.082087
   14   1       0.000000       0.063573      0       0.084395
   15   6      -0.018100      -0.018100    -99       0.098401
   16   1       0.117100       0.117100    -99       0.064940
   17   1       0.117100       0.117100    -99       0.064940
   18   7      -0.376400      -0.376400    -99       0.025677
   19   1       0.338200       0.338200    -99       0.028355
   20   1       0.338200       0.338200    -99       0.028355
   21   1       0.338200       0.338200    -99       0.028355
   22   8       0.000000      -0.261323      0       0.035738
   23   6       0.194000       0.194000    -99       0.045818
   24   1       0.000000       0.000000     -1       0.100000
   25   1       0.000000       0.000000     -1       0.100000
   26   1       0.000000       0.000000     -1       0.100000
   27   6       0.721400       0.721400    -99       0.013731
   28   8      -0.601300      -0.601300    -99       0.016405
   29   7      -0.415700      -0.415700    -99       0.023389
   30   1       0.271900       0.271900    -99       0.034518
   31   6      -0.149000      -0.149000    -99       0.055727
   32   1       0.097600       0.097600    -99       0.071564
   33   1       0.097600       0.097600    -99       0.071564
   34   1       0.097600       0.097600    -99       0.071564

 Sum over the calculated charges:      2.000

        Statistics of the fitting:
  The initial sum of squares (ssvpot)                    839.824
  The residual sum of squares (chipot)                     0.984
  The std err of estimate (sqrt(chipot/N))               0.00725
  ESP relative RMS (SQRT(chipot/ssvpot))                 0.03422

 Center of Mass (Angst.):

 X  =   0.00000      Y  =   0.00000      Z  =   0.00000

 Dipole (Debye):

 X  =   5.73127      Y  =   3.16091      Z  =   0.01801

 Dipole Moment (Debye)=   6.54516

 Quadrupole (Debye*Angst.):

 Qxx = 140.04220     QYY = -11.48428     QZZ =-128.55792
 Qxy =-278.77991     QXZ = -95.01821     QYZ =-147.12003
