
 -----------------------------------------------
      Restrained ESP Fit 2.3  Amber 4.1
 -----------------------------------------------
 single stage fitting                                                            
 -----------------------------------------------


 inopt       =     0   ioutopt     =     1
 nmol        =     1   iqopt       =     2
 ihfree      =     0   irstrnt     =     1
 iunits      =      0   qwt         =   0.01000000
 wtmol(1) =     1.000000
 subtitle:

Comments Go Here                                                                
ich =   0  iuniq =  36
     1     6   -99
     2     1   -99
     3     1   -99
     4     1   -99
     5     6   -99
     6     8   -99
     7     7   -99
     8     1   -99
     9     6   -99
    10     1   -99
    11     6   -99
    12     1   -99
    13     1   -99
    14     6   -99
    15     6   -99
    16     1   -99
    17     6   -99
    18     1   -99
    19     6     0
    20     8     0
    21     6   -99
    22     1    -1
    23     1    -1
    24     1    -1
    25     6   -99
    26     1   -99
    27     6   -99
    28     1   -99
    29     6   -99
    30     8   -99
    31     7   -99
    32     1   -99
    33     6   -99
    34     1   -99
    35     1   -99
    36     1   -99
 new q0 values to be read  36

  ----------------------------------------------------------------------------
     ATOM                       COORDINATES                         CHARGE
                       X             Y                Z
  ----------------------------------------------------------------------------
  ----------------------------------------------------------------------------


 Charge on the molecule(ich) =    0
 Total number of atoms (iuniq)     =   36
 Weight factor on initial charge restraints(qwt)=     0.10000E-01


  there are  1 charge constraints:


      1       1
      2       1
      3       1
      4       1
      5       1
      6       1
      7       1
      8       1
      9       1
     10       1
     11       1
     12       1
     13       1
     14       1
     15       1
     16       1
     17       1
     18       1
     19       1
     20       1
     21       1
     22       1
     23       1
     24       1
     25       1
     26       1
     27       1
     28       1
     29       1
     30       1
     31       1
     32       1
     33       1
     34       1
     35       1
     36       1

 Reading esp"s for molecule   1
 total number of atoms      =     36
 total number of esp points =  20878


 center     X       Y       Z 
    1   0.9885420E+01  -0.2372380E+01   0.3195260E+00
    2   0.1084370E+02  -0.7968860E+00  -0.5782580E+00
    3   0.1012770E+02  -0.2186720E+01   0.2347250E+01
    4   0.1069550E+02  -0.4132410E+01  -0.3182090E+00
    5   0.7105020E+01  -0.2307340E+01  -0.3548570E+00
    6   0.6070340E+01  -0.4004260E+01  -0.1460370E+01
    7   0.5870540E+01  -0.1944070E+00   0.3691920E+00
    8   0.6755220E+01   0.1189850E+01   0.1286880E+01
    9   0.3224960E+01   0.1939050E+00  -0.1618210E+00
   10   0.2831230E+01  -0.5473190E+00  -0.2025210E+01
   11   0.1536440E+01  -0.1187930E+01   0.1786100E+01
   12   0.2253790E+01  -0.3100220E+01   0.1915210E+01
   13   0.1807390E+01  -0.3083920E+00   0.3618510E+01
   14  -0.1240530E+01  -0.1251000E+01   0.1107010E+01
   15  -0.3009250E+01   0.2043400E+00   0.2363280E+01
   16  -0.2415440E+01   0.1413910E+01   0.3887140E+01
   17  -0.5559940E+01   0.1547650E+00   0.1721610E+01
   18  -0.6860410E+01   0.1313710E+01   0.2758520E+01
   19  -0.6372030E+01  -0.1387000E+01  -0.2285110E+00
   20  -0.8787660E+01  -0.1584880E+01  -0.1017040E+01
   21  -0.1068590E+02  -0.2241930E+00   0.2209860E+00
   22  -0.1038280E+02   0.1797970E+01   0.6548090E-01
   23  -0.1243570E+02  -0.7110790E+00  -0.7080310E+00
   24  -0.1080790E+02  -0.7408670E+00   0.2201230E+01
   25  -0.4617410E+01  -0.2872410E+01  -0.1515860E+01
   26  -0.5275980E+01  -0.4074910E+01  -0.3012860E+01
   27  -0.2104130E+01  -0.2804740E+01  -0.8479010E+00
   28  -0.7806040E+00  -0.3988650E+01  -0.1841800E+01
   29   0.2763650E+01   0.3041500E+01  -0.1115050E+00
   30   0.4001740E+01   0.4399080E+01   0.1235740E+01
   31   0.9283540E+00   0.3904480E+01  -0.1638140E+01
   32  -0.1857560E+00   0.2650520E+01  -0.2484430E+01
   33   0.1130770E+00   0.6514870E+01  -0.1565300E+01
   34  -0.9993150E+00   0.6921990E+01   0.1080980E+00
   35   0.1743800E+01   0.7740860E+01  -0.1575260E+01
   36  -0.1018440E+01   0.6894260E+01  -0.3224800E+01
 Initial ssvpot =     4.957


 Number of unique UNfrozen centers=     2

 Non-linear optimization requested.
 qchnge =    0.4521175727E-01
 qchnge =    0.4383935113E-04
 qchnge =    0.2051882111E-06

 Convergence in     2 iterations


Comments Go Here                                                                

          Point Charges Before & After Optimization

    no.  At.no.    q(init)       q(opt)     ivary    d(rstr)/dq
    1   6      -0.366200      -0.366200    -99       0.026343
    2   1       0.112300       0.112300    -99       0.066502
    3   1       0.112300       0.112300    -99       0.066502
    4   1       0.112300       0.112300    -99       0.066502
    5   6       0.597200       0.597200    -99       0.016515
    6   8      -0.567900      -0.567900    -99       0.017342
    7   7      -0.415700      -0.415700    -99       0.023389
    8   1       0.271900       0.271900    -99       0.034518
    9   6      -0.001400      -0.001400    -99       0.099990
   10   1       0.087600       0.087600    -99       0.075220
   11   6      -0.015200      -0.015200    -99       0.098864
   12   1       0.029500       0.029500    -99       0.095914
   13   1       0.029500       0.029500    -99       0.095914
   14   6      -0.001100      -0.001100    -99       0.099994
   15   6      -0.190600      -0.190600    -99       0.046460
   16   1       0.169900       0.169900    -99       0.050724
   17   6      -0.234100      -0.234100    -99       0.039283
   18   1       0.165600       0.165600    -99       0.051693
   19   6       0.000000       0.324384      0       0.029459
   20   8       0.000000      -0.354484      0       0.027150
   21   6       0.194000       0.194000    -99       0.045818
   22   1       0.000000       0.000000     -1       0.100000
   23   1       0.000000       0.000000     -1       0.100000
   24   1       0.000000       0.000000     -1       0.100000
   25   6      -0.234100      -0.234100    -99       0.039283
   26   1       0.165600       0.165600    -99       0.051693
   27   6      -0.190600      -0.190600    -99       0.046460
   28   1       0.169900       0.169900    -99       0.050724
   29   6       0.597300       0.597300    -99       0.016512
   30   8      -0.567900      -0.567900    -99       0.017342
   31   7      -0.415700      -0.415700    -99       0.023389
   32   1       0.271900       0.271900    -99       0.034518
   33   6      -0.149000      -0.149000    -99       0.055727
   34   1       0.097600       0.097600    -99       0.071564
   35   1       0.097600       0.097600    -99       0.071564
   36   1       0.097600       0.097600    -99       0.071564

 Sum over the calculated charges:      0.000

        Statistics of the fitting:
  The initial sum of squares (ssvpot)                      4.957
  The residual sum of squares (chipot)                     0.373
  The std err of estimate (sqrt(chipot/N))               0.00423
  ESP relative RMS (SQRT(chipot/ssvpot))                 0.27427

 Center of Mass (Angst.):

 X  =   0.00000      Y  =   0.00000      Z  =   0.00000

 Dipole (Debye):

 X  =  -2.16787      Y  =   2.78460      Z  =   0.32406

 Dipole Moment (Debye)=   3.54382

 Quadrupole (Debye*Angst.):

 Qxx =  31.67098     QYY = -31.77212     QZZ =   0.10114
 Qxy = -32.92033     QXZ = -19.18680     QYZ = -34.04630
