
 -----------------------------------------------
      Restrained ESP Fit 2.3  Amber 4.1
 -----------------------------------------------
 single stage fitting                                                            
 -----------------------------------------------


 inopt       =     0   ioutopt     =     1
 nmol        =     1   iqopt       =     2
 ihfree      =     0   irstrnt     =     1
 iunits      =      0   qwt         =   0.01000000
 wtmol(1) =     1.000000
 subtitle:

Comments Go Here                                                                
ich =   1  iuniq =  32
     1     6   -99
     2     1   -99
     3     1   -99
     4     1   -99
     5     6   -99
     6     1   -99
     7     6   -99
     8     1   -99
     9     1   -99
    10     6   -99
    11     6   -99
    12     1   -99
    13     6   -99
    14     1   -99
    15     6     0
    16     8     0
    17     6   -99
    18     1    -1
    19     1    -1
    20     1    -1
    21     6   -99
    22     1   -99
    23     6   -99
    24     1   -99
    25     6   -99
    26     8   -99
    27     7   -99
    28     1   -99
    29     6   -99
    30     1   -99
    31     1   -99
    32     1   -99
 new q0 values to be read  32

  ----------------------------------------------------------------------------
     ATOM                       COORDINATES                         CHARGE
                       X             Y                Z
  ----------------------------------------------------------------------------
  ----------------------------------------------------------------------------


 Charge on the molecule(ich) =    1
 Total number of atoms (iuniq)     =   32
 Weight factor on initial charge restraints(qwt)=     0.10000E-01


  there are  1 charge constraints:


      1       1
      2       1
      3       1
      4       1
      5       1
      6       1
      7       1
      8       1
      9       1
     10       1
     11       1
     12       1
     13       1
     14       1
     15       1
     16       1
     17       1
     18       1
     19       1
     20       1
     21       1
     22       1
     23       1
     24       1
     25       1
     26       1
     27       1
     28       1
     29       1
     30       1
     31       1
     32       1

 Reading esp"s for molecule   1
 total number of atoms      =     32
 total number of esp points =  18553


 center     X       Y       Z 
    1   0.6801410E+01  -0.2998930E+01  -0.1713790E-01
    2   0.6639610E+01  -0.4852190E+01  -0.4348090E+00
    3   0.8166850E+01  -0.2230150E+01  -0.1108380E+01
    4   0.7349580E+01  -0.2753410E+01   0.1793020E+01
    5   0.4273340E+01  -0.1653750E+01  -0.5352970E+00
    6   0.3702590E+01  -0.2081140E+01  -0.2448780E+01
    7   0.2306440E+01  -0.2658670E+01   0.1362710E+01
    8   0.2418610E+01  -0.4710890E+01   0.1360230E+01
    9   0.2821310E+01  -0.2034800E+01   0.3247350E+01
   10  -0.3725610E+00  -0.1855140E+01   0.7556010E+00
   11  -0.1666430E+01  -0.1764230E+00   0.2286650E+01
   12  -0.7639180E+00   0.5976410E+00   0.3936680E+01
   13  -0.4137490E+01   0.5408580E+00   0.1762350E+01
   14  -0.5072680E+01   0.1836650E+01   0.3007430E+01
   15  -0.5357450E+01  -0.4421520E+00  -0.3398480E+00
   16  -0.7717200E+01   0.1085720E+00  -0.1030410E+01
   17  -0.9217750E+01   0.1722880E+01   0.4590640E+00
   18  -0.8402770E+01   0.3599030E+01   0.5637390E+00
   19  -0.1102630E+02   0.1823210E+01  -0.4728740E+00
   20  -0.9464130E+01   0.9655820E+00   0.2345450E+01
   21  -0.4073540E+01  -0.2146620E+01  -0.1899030E+01
   22  -0.5048430E+01  -0.2910790E+01  -0.3505470E+01
   23  -0.1634710E+01  -0.2841500E+01  -0.1346840E+01
   24  -0.7123610E+00  -0.4197560E+01  -0.2554070E+01
   25   0.4948500E+01   0.1160300E+01  -0.2762850E+00
   26   0.7043430E+01   0.1671850E+01   0.4626960E+00
   27   0.3195870E+01   0.2819060E+01  -0.9397150E+00
   28   0.1466830E+01   0.2211880E+01  -0.1365680E+01
   29   0.3624600E+01   0.5535390E+01  -0.7337840E+00
   30   0.3516220E+01   0.6154110E+01   0.1212370E+01
   31   0.5466380E+01   0.5996740E+01  -0.1477530E+01
   32   0.2194150E+01   0.6490700E+01  -0.1830740E+01
 Initial ssvpot =   220.285


 Number of unique UNfrozen centers=     2

 Non-linear optimization requested.
 qchnge =    0.3887180904E-01
 qchnge =    0.5574994566E-04
 qchnge =    0.3835715029E-06

 Convergence in     2 iterations


Comments Go Here                                                                

          Point Charges Before & After Optimization

    no.  At.no.    q(init)       q(opt)     ivary    d(rstr)/dq
    1   6       0.194000       0.194000    -99       0.045818
    2   1       0.187300       0.187300    -99       0.047098
    3   1       0.187300       0.187300    -99       0.047098
    4   1       0.187300       0.187300    -99       0.047098
    5   6       0.057000       0.057000    -99       0.086878
    6   1       0.098300       0.098300    -99       0.071314
    7   6       0.065900       0.065900    -99       0.083499
    8   1       0.010200       0.010200    -99       0.099484
    9   1       0.010200       0.010200    -99       0.099484
   10   6      -0.020500      -0.020500    -99       0.097963
   11   6      -0.200200      -0.200200    -99       0.044686
   12   1       0.172000       0.172000    -99       0.050262
   13   6      -0.223900      -0.223900    -99       0.040780
   14   1       0.165000       0.165000    -99       0.051830
   15   6       0.000000       0.146141      0       0.056469
   16   8       0.000000      -0.183941      0       0.047761
   17   6       0.194000       0.194000    -99       0.045818
   18   1       0.000000       0.000000     -1       0.100000
   19   1       0.000000       0.000000     -1       0.100000
   20   1       0.000000       0.000000     -1       0.100000
   21   6      -0.223900      -0.223900    -99       0.040780
   22   1       0.165000       0.165000    -99       0.051830
   23   6      -0.200200      -0.200200    -99       0.044686
   24   1       0.172000       0.172000    -99       0.050262
   25   6       0.612300       0.612300    -99       0.016118
   26   8      -0.571300      -0.571300    -99       0.017242
   27   7      -0.415700      -0.415700    -99       0.023389
   28   1       0.271900       0.271900    -99       0.034518
   29   6      -0.149000      -0.149000    -99       0.055727
   30   1       0.097600       0.097600    -99       0.071564
   31   1       0.097600       0.097600    -99       0.071564
   32   1       0.097600       0.097600    -99       0.071564

 Sum over the calculated charges:      1.000

        Statistics of the fitting:
  The initial sum of squares (ssvpot)                    220.285
  The residual sum of squares (chipot)                     2.301
  The std err of estimate (sqrt(chipot/N))               0.01114
  ESP relative RMS (SQRT(chipot/ssvpot))                 0.10220

 Center of Mass (Angst.):

 X  =   0.00000      Y  =   0.00000      Z  =   0.00000

 Dipole (Debye):

 X  =  11.03337      Y  =  -5.92843      Z  =  -0.98839

 Dipole Moment (Debye)=  12.56417

 Quadrupole (Debye*Angst.):

 Qxx =  71.03478     QYY = -15.23777     QZZ = -55.79701
 Qxy =-183.49968     QXZ =-100.45578     QYZ = -73.16801
