
 -----------------------------------------------
      Restrained ESP Fit 2.3  Amber 4.1
 -----------------------------------------------
 single stage fitting                                                            
 -----------------------------------------------


 inopt       =     0   ioutopt     =     1
 nmol        =     1   iqopt       =     2
 ihfree      =     0   irstrnt     =     1
 iunits      =      0   qwt         =   0.01000000
 wtmol(1) =     1.000000
 subtitle:

Comments Go Here                                                                
ich =   0  iuniq =  33
     1     6   -99
     2     1   -99
     3     1   -99
     4     1   -99
     5     6   -99
     6     8   -99
     7     7   -99
     8     1   -99
     9     6   -99
    10     1   -99
    11     6   -99
    12     1   -99
    13     1   -99
    14     6   -99
    15     1   -99
    16     1   -99
    17     6     0
    18     1     0
    19     6   -99
    20     1   -99
    21     1   -99
    22     7   -99
    23     1   -99
    24     1   -99
    25     1   -99
    26     8     0
    27     6   -99
    28     1    -1
    29     1    -1
    30     1    -1
    31     6   -99
    32     8   -99
    33     8   -99
 new q0 values to be read  33

  ----------------------------------------------------------------------------
     ATOM                       COORDINATES                         CHARGE
                       X             Y                Z
  ----------------------------------------------------------------------------
  ----------------------------------------------------------------------------


 Charge on the molecule(ich) =    0
 Total number of atoms (iuniq)     =   33
 Weight factor on initial charge restraints(qwt)=     0.10000E-01


  there are  1 charge constraints:


      1       1
      2       1
      3       1
      4       1
      5       1
      6       1
      7       1
      8       1
      9       1
     10       1
     11       1
     12       1
     13       1
     14       1
     15       1
     16       1
     17       1
     18       1
     19       1
     20       1
     21       1
     22       1
     23       1
     24       1
     25       1
     26       1
     27       1
     28       1
     29       1
     30       1
     31       1
     32       1
     33       1

 Reading esp"s for molecule   1
 total number of atoms      =     33
 total number of esp points =  17359


 center     X       Y       Z 
    1  -0.8564700E+01   0.8785770E+00   0.1935650E+01
    2  -0.1008010E+02  -0.3811140E+00   0.1373740E+01
    3  -0.7932880E+01   0.3547620E+00   0.3811420E+01
    4  -0.9317700E+01   0.2779990E+01   0.1974810E+01
    5  -0.6497270E+01   0.7490740E+00  -0.4094470E-01
    6  -0.6810530E+01   0.1599590E+01  -0.2129350E+01
    7  -0.4346130E+01  -0.3961810E+00   0.6802840E+00
    8  -0.4119590E+01  -0.1008840E+01   0.2443520E+01
    9  -0.2215690E+01  -0.7682470E+00  -0.9902410E+00
   10  -0.2897790E+01  -0.1312350E+01  -0.2832520E+01
   11  -0.6093230E+00   0.1677250E+01  -0.1229370E+01
   12  -0.1576040E+01   0.2911400E+01  -0.2544730E+01
   13  -0.6470710E+00   0.2617980E+01   0.5928160E+00
   14   0.2160650E+01   0.1309720E+01  -0.2074650E+01
   15   0.2276320E+01  -0.2722570E+00  -0.3365940E+01
   16   0.2773580E+01   0.2953970E+01  -0.3132010E+01
   17   0.4082840E+01   0.9904870E+00   0.1201390E+00
   18   0.3077710E+01   0.7587000E+00   0.1895580E+01
   19   0.5933910E+01  -0.1229420E+01  -0.1572590E+00
   20   0.6579700E+01  -0.1426080E+01  -0.2085210E+01
   21   0.7543040E+01  -0.8651790E+00   0.1043070E+01
   22   0.4814960E+01  -0.3691370E+01   0.6202500E+00
   23   0.3215140E+01  -0.4220340E+01  -0.5167610E+00
   24   0.6112520E+01  -0.5079440E+01   0.6064240E+00
   25   0.4020090E+01  -0.3599810E+01   0.2355190E+01
   26   0.5705710E+01   0.3082040E+01   0.3139330E+00
   27   0.4620640E+01   0.5297740E+01   0.1257910E+01
   28   0.3794110E+01   0.4983800E+01   0.3112970E+01
   29   0.6119630E+01   0.6675520E+01   0.1419760E+01
   30   0.3173560E+01   0.6040270E+01   0.9263440E-02
   31  -0.5418110E+00  -0.2865590E+01   0.4354680E-01
   32   0.5748680E+00  -0.4182300E+01  -0.1581100E+01
   33  -0.1714810E+00  -0.2941300E+01   0.2339790E+01
 Initial ssvpot =    12.289


 Number of unique UNfrozen centers=     3

 Non-linear optimization requested.
 qchnge =    0.6230238714E-01
 qchnge =    0.6638770589E-04
 qchnge =    0.8310314168E-06

 Convergence in     2 iterations


Comments Go Here                                                                

          Point Charges Before & After Optimization

    no.  At.no.    q(init)       q(opt)     ivary    d(rstr)/dq
    1   6      -0.366200      -0.366200    -99       0.026343
    2   1       0.112300       0.112300    -99       0.066502
    3   1       0.112300       0.112300    -99       0.066502
    4   1       0.112300       0.112300    -99       0.066502
    5   6       0.597200       0.597200    -99       0.016515
    6   8      -0.567900      -0.567900    -99       0.017342
    7   7      -0.348100      -0.348100    -99       0.027611
    8   1       0.276400       0.276400    -99       0.034021
    9   6      -0.290300      -0.290300    -99       0.032569
   10   1       0.143800       0.143800    -99       0.057093
   11   6      -0.053800      -0.053800    -99       0.088064
   12   1       0.048200       0.048200    -99       0.090082
   13   1       0.048200       0.048200    -99       0.090082
   14   6       0.022700       0.022700    -99       0.097519
   15   1       0.013400       0.013400    -99       0.099114
   16   1       0.013400       0.013400    -99       0.099114
   17   6       0.000000       0.340149      0       0.028204
   18   1       0.000000       0.104665      0       0.069085
   19   6      -0.017600      -0.017600    -99       0.098486
   20   1       0.112100       0.112100    -99       0.066568
   21   1       0.112100       0.112100    -99       0.066568
   22   7      -0.374100      -0.374100    -99       0.025824
   23   1       0.337400       0.337400    -99       0.028417
   24   1       0.337400       0.337400    -99       0.028417
   25   1       0.337400       0.337400    -99       0.028417
   26   8       0.000000      -0.555814      0       0.017707
   27   6       0.194000       0.194000    -99       0.045818
   28   1       0.000000       0.000000     -1       0.100000
   29   1       0.000000       0.000000     -1       0.100000
   30   1       0.000000       0.000000     -1       0.100000
   31   6       0.848800       0.848800    -99       0.011700
   32   8      -0.825200      -0.825200    -99       0.012030
   33   8      -0.825200      -0.825200    -99       0.012030

 Sum over the calculated charges:      0.000

        Statistics of the fitting:
  The initial sum of squares (ssvpot)                     12.289
  The residual sum of squares (chipot)                     1.196
  The std err of estimate (sqrt(chipot/N))               0.00830
  ESP relative RMS (SQRT(chipot/ssvpot))                 0.31196

 Center of Mass (Angst.):

 X  =   0.00000      Y  =   0.00000      Z  =   0.00000

 Dipole (Debye):

 X  =   8.95205      Y  =  -0.93463      Z  =   4.15620

 Dipole Moment (Debye)=   9.91397

 Quadrupole (Debye*Angst.):

 Qxx =  41.22810     QYY = -14.86704     QZZ = -26.36106
 Qxy = -65.20768     QXZ = -43.50125     QYZ = -16.51259
