
 -----------------------------------------------
      Restrained ESP Fit 2.3  Amber 4.1
 -----------------------------------------------
 single stage fitting                                                            
 -----------------------------------------------


 inopt       =     0   ioutopt     =     1
 nmol        =     1   iqopt       =     2
 ihfree      =     0   irstrnt     =     1
 iunits      =      0   qwt         =   0.01000000
 wtmol(1) =     1.000000
 subtitle:

Comments Go Here                                                                
ich =   1  iuniq =  38
     1     6   -99
     2     1   -99
     3     1   -99
     4     1   -99
     5     6   -99
     6     8   -99
     7     7   -99
     8     1   -99
     9     6   -99
    10     1   -99
    11     6   -99
    12     1   -99
    13     1   -99
    14     6   -99
    15     1   -99
    16     1   -99
    17     6     0
    18     1     0
    19     6   -99
    20     1   -99
    21     1   -99
    22     7   -99
    23     1   -99
    24     1   -99
    25     1   -99
    26     8     0
    27     6   -99
    28     1    -1
    29     1    -1
    30     1    -1
    31     6   -99
    32     8   -99
    33     7   -99
    34     1   -99
    35     6   -99
    36     1   -99
    37     1   -99
    38     1   -99
 new q0 values to be read  38

  ----------------------------------------------------------------------------
     ATOM                       COORDINATES                         CHARGE
                       X             Y                Z
  ----------------------------------------------------------------------------
  ----------------------------------------------------------------------------


 Charge on the molecule(ich) =    1
 Total number of atoms (iuniq)     =   38
 Weight factor on initial charge restraints(qwt)=     0.10000E-01


  there are  1 charge constraints:


      1       1
      2       1
      3       1
      4       1
      5       1
      6       1
      7       1
      8       1
      9       1
     10       1
     11       1
     12       1
     13       1
     14       1
     15       1
     16       1
     17       1
     18       1
     19       1
     20       1
     21       1
     22       1
     23       1
     24       1
     25       1
     26       1
     27       1
     28       1
     29       1
     30       1
     31       1
     32       1
     33       1
     34       1
     35       1
     36       1
     37       1
     38       1

 Reading esp"s for molecule   1
 total number of atoms      =     38
 total number of esp points =  20780


 center     X       Y       Z 
    1  -0.5937350E+01   0.5886530E+01   0.1132540E+01
    2  -0.7839420E+01   0.5260960E+01   0.6928530E+00
    3  -0.5722400E+01   0.5867990E+01   0.3172300E+01
    4  -0.5646440E+01   0.7775770E+01   0.4231470E+00
    5  -0.4049750E+01   0.4116390E+01  -0.7597080E-01
    6  -0.2518960E+01   0.4787380E+01  -0.1608950E+01
    7  -0.4219500E+01   0.1648060E+01   0.6648640E+00
    8  -0.5211390E+01   0.1248430E+01   0.2214780E+01
    9  -0.2382790E+01  -0.1847020E+00  -0.2181390E+00
   10  -0.2142330E+01   0.1790500E+00  -0.2219390E+01
   11   0.2000480E+00   0.9889880E-01   0.1074810E+01
   12   0.5257240E+00   0.2100460E+01   0.1321710E+01
   13   0.1369050E+00  -0.7561680E+00   0.2937520E+01
   14   0.2357200E+01  -0.1074710E+01  -0.4608510E+00
   15   0.2122820E+01  -0.3107040E+01  -0.4373880E+00
   16   0.2256210E+01  -0.4817350E+00  -0.2423580E+01
   17   0.5005950E+01  -0.3868570E+00   0.4979310E+00
   18   0.4952110E+01   0.1089800E-01   0.2519580E+01
   19   0.6798280E+01  -0.2593020E+01   0.1412190E-01
   20   0.6427460E+01  -0.4198430E+01   0.1215880E+01
   21   0.6729940E+01  -0.3157720E+01  -0.1945700E+01
   22   0.9464360E+01  -0.1710320E+01   0.4948100E+00
   23   0.9801540E+01  -0.1440030E+01   0.2353620E+01
   24   0.1077630E+02  -0.2926970E+01  -0.1662980E+00
   25   0.9662810E+01  -0.1573200E-01  -0.3803280E+00
   26   0.6167170E+01   0.1636680E+01  -0.7621590E+00
   27   0.5031780E+01   0.4051970E+01  -0.5786680E+00
   28   0.4785190E+01   0.4584220E+01   0.1386180E+01
   29   0.6310770E+01   0.5360580E+01  -0.1478660E+01
   30   0.3229540E+01   0.4102760E+01  -0.1537940E+01
   31  -0.3415290E+01  -0.2880140E+01   0.1209050E-01
   32  -0.2043300E+01  -0.4607570E+01   0.5726800E+00
   33  -0.5882210E+01  -0.3174150E+01  -0.4861720E+00
   34  -0.6846150E+01  -0.1696560E+01  -0.1131380E+01
   35  -0.7045640E+01  -0.5657060E+01  -0.5769430E+00
   36  -0.6438090E+01  -0.6713640E+01  -0.2222410E+01
   37  -0.6549930E+01  -0.6714910E+01   0.1096170E+01
   38  -0.9073600E+01  -0.5423120E+01  -0.6433520E+00
 Initial ssvpot =   218.235


 Number of unique UNfrozen centers=     3

 Non-linear optimization requested.
 qchnge =    0.4555952923E-01
 qchnge =    0.9173543480E-04
 qchnge =    0.1402730032E-05

 Convergence in     2 iterations


Comments Go Here                                                                

          Point Charges Before & After Optimization

    no.  At.no.    q(init)       q(opt)     ivary    d(rstr)/dq
    1   6      -0.366200      -0.366200    -99       0.026343
    2   1       0.112300       0.112300    -99       0.066502
    3   1       0.112300       0.112300    -99       0.066502
    4   1       0.112300       0.112300    -99       0.066502
    5   6       0.597200       0.597200    -99       0.016515
    6   8      -0.567900      -0.567900    -99       0.017342
    7   7      -0.347900      -0.347900    -99       0.027625
    8   1       0.274700       0.274700    -99       0.034207
    9   6      -0.240000      -0.240000    -99       0.038462
   10   1       0.142600       0.142600    -99       0.057416
   11   6      -0.009400      -0.009400    -99       0.099561
   12   1       0.036200       0.036200    -99       0.094029
   13   1       0.036200       0.036200    -99       0.094029
   14   6       0.018700       0.018700    -99       0.098296
   15   1       0.010300       0.010300    -99       0.099474
   16   1       0.010300       0.010300    -99       0.099474
   17   6       0.000000       0.163571      0       0.052150
   18   1       0.000000       0.028918      0       0.096070
   19   6      -0.014300      -0.014300    -99       0.098993
   20   1       0.113500       0.113500    -99       0.066107
   21   1       0.113500       0.113500    -99       0.066107
   22   7      -0.385400      -0.385400    -99       0.025115
   23   1       0.340000       0.340000    -99       0.028217
   24   1       0.340000       0.340000    -99       0.028217
   25   1       0.340000       0.340000    -99       0.028217
   26   8       0.000000      -0.310189      0       0.030681
   27   6       0.194000       0.194000    -99       0.045818
   28   1       0.000000       0.000000     -1       0.100000
   29   1       0.000000       0.000000     -1       0.100000
   30   1       0.000000       0.000000     -1       0.100000
   31   6       0.734100       0.734100    -99       0.013497
   32   8      -0.589400      -0.589400    -99       0.016727
   33   7      -0.415700      -0.415700    -99       0.023389
   34   1       0.271900       0.271900    -99       0.034518
   35   6      -0.149000      -0.149000    -99       0.055727
   36   1       0.097600       0.097600    -99       0.071564
   37   1       0.097600       0.097600    -99       0.071564
   38   1       0.097600       0.097600    -99       0.071564

 Sum over the calculated charges:      1.000

        Statistics of the fitting:
  The initial sum of squares (ssvpot)                    218.235
  The residual sum of squares (chipot)                     0.661
  The std err of estimate (sqrt(chipot/N))               0.00564
  ESP relative RMS (SQRT(chipot/ssvpot))                 0.05502

 Center of Mass (Angst.):

 X  =   0.00000      Y  =   0.00000      Z  =   0.00000

 Dipole (Debye):

 X  =  14.42798      Y  =  -3.59350      Z  =   3.18311

 Dipole Moment (Debye)=  15.20565

 Quadrupole (Debye*Angst.):

 Qxx = 253.26046     QYY =-130.34865     QZZ =-122.91182
 Qxy =-194.13480     QXZ =-129.24413     QYZ =-116.61386
